Flow report for lab4
Sun Nov 29 13:06:21 2015
Quartus II 64-Bit Version 13.0.1 Build 232 06/12/2013 Service Pack 1 SJ Web Edition


---------------------
; Table of Contents ;
---------------------
  1. Legal Notice
  2. Flow Summary
  3. Flow Settings
  4. Flow Non-Default Global Settings
  5. Flow Elapsed Time
  6. Flow OS Summary
  7. Flow Log
  8. Flow Messages
  9. Flow Suppressed Messages



----------------
; Legal Notice ;
----------------
Copyright (C) 1991-2013 Altera Corporation
Your use of Altera Corporation's design tools, logic functions 
and other software and tools, and its AMPP partner logic 
functions, and any output files from any of the foregoing 
(including device programming or simulation files), and any 
associated documentation or information are expressly subject 
to the terms and conditions of the Altera Program License 
Subscription Agreement, Altera MegaCore Function License 
Agreement, or other applicable license agreement, including, 
without limitation, that your use is for the sole purpose of 
programming logic devices manufactured by Altera and sold by 
Altera or its authorized distributors.  Please refer to the 
applicable agreement for further details.



+--------------------------------------------------------------------------------------+
; Flow Summary                                                                         ;
+------------------------------------+-------------------------------------------------+
; Flow Status                        ; Successful - Sun Nov 29 13:06:21 2015           ;
; Quartus II 64-Bit Version          ; 13.0.1 Build 232 06/12/2013 SP 1 SJ Web Edition ;
; Revision Name                      ; lab4                                            ;
; Top-level Entity Name              ; lab3top                                         ;
; Family                             ; Cyclone IV E                                    ;
; Device                             ; EP4CE115F29C7                                   ;
; Timing Models                      ; Final                                           ;
; Total logic elements               ; 234 / 114,480 ( < 1 % )                         ;
;     Total combinational functions  ; 215 / 114,480 ( < 1 % )                         ;
;     Dedicated logic registers      ; 80 / 114,480 ( < 1 % )                          ;
; Total registers                    ; 80                                              ;
; Total pins                         ; 62 / 529 ( 12 % )                               ;
; Total virtual pins                 ; 0                                               ;
; Total memory bits                  ; 2,048 / 3,981,312 ( < 1 % )                     ;
; Embedded Multiplier 9-bit elements ; 0 / 532 ( 0 % )                                 ;
; Total PLLs                         ; 0 / 4 ( 0 % )                                   ;
+------------------------------------+-------------------------------------------------+


+-----------------------------------------+
; Flow Settings                           ;
+-------------------+---------------------+
; Option            ; Setting             ;
+-------------------+---------------------+
; Start date & time ; 11/28/2015 12:19:53 ;
; Main task         ; Compilation         ;
; Revision Name     ; lab4                ;
+-------------------+---------------------+


+----------------------------------------------------------------------------------------------------------------------------+
; Flow Non-Default Global Settings                                                                                           ;
+-------------------------------------+---------------------------------------+---------------+-------------+----------------+
; Assignment Name                     ; Value                                 ; Default Value ; Entity Name ; Section Id     ;
+-------------------------------------+---------------------------------------+---------------+-------------+----------------+
; COMPILER_SIGNATURE_ID               ; 35296152724913.144873119308137        ; --            ; --          ; --             ;
; EDA_GENERATE_FUNCTIONAL_NETLIST     ; On                                    ; --            ; --          ; eda_simulation ;
; EDA_OUTPUT_DATA_FORMAT              ; Verilog Hdl                           ; --            ; --          ; eda_simulation ;
; EDA_SIMULATION_TOOL                 ; ModelSim-Altera (Verilog)             ; <None>        ; --          ; --             ;
; MAX_CORE_JUNCTION_TEMP              ; 85                                    ; --            ; --          ; --             ;
; MIN_CORE_JUNCTION_TEMP              ; 0                                     ; --            ; --          ; --             ;
; NOMINAL_CORE_SUPPLY_VOLTAGE         ; 1.2V                                  ; --            ; --          ; --             ;
; PARTITION_COLOR                     ; 16764057                              ; --            ; lab3top     ; Top            ;
; PARTITION_FITTER_PRESERVATION_LEVEL ; PLACEMENT_AND_ROUTING                 ; --            ; lab3top     ; Top            ;
; PARTITION_NETLIST_TYPE              ; SOURCE                                ; --            ; lab3top     ; Top            ;
; POWER_BOARD_THERMAL_MODEL           ; None (CONSERVATIVE)                   ; --            ; --          ; --             ;
; POWER_PRESET_COOLING_SOLUTION       ; 23 MM HEAT SINK WITH 200 LFPM AIRFLOW ; --            ; --          ; --             ;
; PROJECT_OUTPUT_DIRECTORY            ; output_files                          ; --            ; --          ; --             ;
; TOP_LEVEL_ENTITY                    ; lab3top                               ; lab4          ; --          ; --             ;
+-------------------------------------+---------------------------------------+---------------+-------------+----------------+


+-------------------------------------------------------------------------------------------------------------------------------+
; Flow Elapsed Time                                                                                                             ;
+---------------------------+--------------+-------------------------+---------------------+------------------------------------+
; Module Name               ; Elapsed Time ; Average Processors Used ; Peak Virtual Memory ; Total CPU Time (on all processors) ;
+---------------------------+--------------+-------------------------+---------------------+------------------------------------+
; Analysis & Synthesis      ; 00:00:05     ; 1.0                     ; 656 MB              ; 00:00:04                           ;
; Fitter                    ; 00:00:25     ; 1.0                     ; 939 MB              ; 00:00:25                           ;
; Assembler                 ; 00:00:09     ; 1.0                     ; 559 MB              ; 00:00:07                           ;
; TimeQuest Timing Analyzer ; 00:00:03     ; 1.0                     ; 636 MB              ; 00:00:04                           ;
; EDA Netlist Writer        ; 00:00:01     ; 1.0                     ; 794 MB              ; 00:00:01                           ;
; MIF/HEX Update            ; 00:00:01     ; 1.0                     ; 877 MB              ; 00:00:01                           ;
; MIF/HEX Update            ; 00:00:01     ; 1.0                     ; 877 MB              ; 00:00:01                           ;
; MIF/HEX Update            ; 00:00:01     ; 1.0                     ; 877 MB              ; 00:00:01                           ;
; EDA Netlist Writer        ; 00:00:01     ; 1.0                     ; 811 MB              ; 00:00:01                           ;
; EDA Netlist Writer        ; 00:00:01     ; 1.0                     ; 821 MB              ; 00:00:01                           ;
; MIF/HEX Update            ; 00:00:02     ; 1.0                     ; 877 MB              ; 00:00:01                           ;
; EDA Netlist Writer        ; 00:00:01     ; 1.0                     ; 811 MB              ; 00:00:01                           ;
; EDA Netlist Writer        ; 00:00:01     ; 1.0                     ; 821 MB              ; 00:00:01                           ;
; EDA Netlist Writer        ; 00:00:01     ; 1.0                     ; 811 MB              ; 00:00:01                           ;
; EDA Netlist Writer        ; 00:00:00     ; 1.0                     ; 827 MB              ; 00:00:01                           ;
; MIF/HEX Update            ; 00:00:02     ; 1.0                     ; 877 MB              ; 00:00:01                           ;
; Total                     ; 00:00:55     ; --                      ; --                  ; 00:00:52                           ;
+---------------------------+--------------+-------------------------+---------------------+------------------------------------+


+---------------------------------------------------------------------------------------------+
; Flow OS Summary                                                                             ;
+---------------------------+------------------+----------------+------------+----------------+
; Module Name               ; Machine Hostname ; OS Name        ; OS Version ; Processor type ;
+---------------------------+------------------+----------------+------------+----------------+
; Analysis & Synthesis      ; ruslanLENOVO     ; Ubuntu 12.04.5 ; 12         ; x86_64         ;
; Fitter                    ; ruslanLENOVO     ; Ubuntu 12.04.5 ; 12         ; x86_64         ;
; Assembler                 ; ruslanLENOVO     ; Ubuntu 12.04.5 ; 12         ; x86_64         ;
; TimeQuest Timing Analyzer ; ruslanLENOVO     ; Ubuntu 12.04.5 ; 12         ; x86_64         ;
; EDA Netlist Writer        ; ruslanLENOVO     ; Ubuntu 12.04.5 ; 12         ; x86_64         ;
; MIF/HEX Update            ; ruslanLENOVO     ; Ubuntu 12.04.5 ; 12         ; x86_64         ;
; MIF/HEX Update            ; ruslanLENOVO     ; Ubuntu 12.04.5 ; 12         ; x86_64         ;
; MIF/HEX Update            ; ruslanLENOVO     ; Ubuntu 12.04.5 ; 12         ; x86_64         ;
; EDA Netlist Writer        ; ruslanLENOVO     ; Ubuntu 12.04.5 ; 12         ; x86_64         ;
; EDA Netlist Writer        ; ruslanLENOVO     ; Ubuntu 12.04.5 ; 12         ; x86_64         ;
; MIF/HEX Update            ; ruslanLENOVO     ; Ubuntu 12.04.5 ; 12         ; x86_64         ;
; EDA Netlist Writer        ; ruslanLENOVO     ; Ubuntu 12.04.5 ; 12         ; x86_64         ;
; EDA Netlist Writer        ; ruslanLENOVO     ; Ubuntu 12.04.5 ; 12         ; x86_64         ;
; EDA Netlist Writer        ; ruslanLENOVO     ; Ubuntu 12.04.5 ; 12         ; x86_64         ;
; EDA Netlist Writer        ; ruslanLENOVO     ; Ubuntu 12.04.5 ; 12         ; x86_64         ;
; MIF/HEX Update            ; ruslanLENOVO     ; Ubuntu 12.04.5 ; 12         ; x86_64         ;
+---------------------------+------------------+----------------+------------+----------------+


------------
; Flow Log ;
------------
quartus_map --read_settings_files=on --write_settings_files=off lab4 -c lab4
quartus_fit --read_settings_files=off --write_settings_files=off lab4 -c lab4
quartus_asm --read_settings_files=off --write_settings_files=off lab4 -c lab4
quartus_sta lab4 -c lab4
quartus_eda --read_settings_files=off --write_settings_files=off lab4 -c lab4
quartus_cdb lab4 -c lab4 --update_mif
quartus_cdb lab4 -c lab4 --update_mif
quartus_cdb lab4 -c lab4 --update_mif
quartus_eda --gen_testbench --check_outputs=on --tool=modelsim_oem --format=verilog lab4 -c lab4 --vector_source=/home/ruslan/ceg2136/lab4_version2/Waveform.vwf --testbench_file=./simulation/qsim/lab4.vt
quartus_eda --functional=on --simulation=on --tool=modelsim_oem --format=verilog lab4 -c lab4
quartus_cdb lab4 -c lab4 --update_mif
quartus_eda --gen_testbench --check_outputs=on --tool=modelsim_oem --format=verilog lab4 -c lab4 --vector_source=/home/ruslan/ceg2136/lab4_version2/Waveform.vwf --testbench_file=./simulation/qsim/lab4.vt
quartus_eda --functional=on --simulation=on --tool=modelsim_oem --format=verilog lab4 -c lab4
quartus_eda --gen_testbench --check_outputs=on --tool=modelsim_oem --format=verilog lab4 -c lab4 --vector_source=/home/ruslan/ceg2136/lab4_version2/Waveform.vwf --testbench_file=./simulation/qsim/lab4.vt
quartus_eda --functional=on --simulation=on --tool=modelsim_oem --format=verilog lab4 -c lab4
quartus_cdb lab4 -c lab4 --update_mif



